<?xml version="1.0" encoding="UTF-8"?>
<testsuite xmlns:xsi="http://www.w3.org/2001/XMLSchema-instance" xsi:noNamespaceSchemaLocation="https://maven.apache.org/surefire/maven-surefire-plugin/xsd/surefire-test-report-3.0.xsd" version="3.0" name="TestSuite" time="220.609" tests="9" errors="0" skipped="0" failures="5">
  <properties>
[...]
</properties>
  <testcase name="loginPageUITest" classname="com.applitools.tests.VisualAITests" time="25.235"/>
  <testcase name="testEmptyPassword" classname="com.applitools.tests.VisualAITests" time="16.587">
    <failure message="Test &apos;Hackathon - Test invalid data-empty password&apos; of &apos;Demo App&apos; detected differences! See details at: https://eyes.applitools.com/app/batches/00000251827672211094/00000251827672190591?accountId=NFH5dQJut06Ao5rZIFCmsQ~~" type="com.applitools.eyes.exceptions.DiffsFoundException">com.applitools.eyes.exceptions.DiffsFoundException: Test 'Hackathon - Test invalid data-empty password' of 'Demo App' detected differences! See details at: https://eyes.applitools.com/app/batches/00000251827672211094/00000251827672190591?accountId=NFH5dQJut06Ao5rZIFCmsQ~~
	at com.applitools.tests.VisualAITests.testEmptyPassword(VisualAITests.java:129)
</failure>
  </testcase>
  <testcase name="testEmptyUsername" classname="com.applitools.tests.VisualAITests" time="20.845">
    <failure message="Test &apos;Hackathon - Test invalid data - blank username&apos; of &apos;Demo App&apos; detected differences! See details at: https://eyes.applitools.com/app/batches/00000251827672211094/00000251827672172755?accountId=NFH5dQJut06Ao5rZIFCmsQ~~" type="com.applitools.eyes.exceptions.DiffsFoundException">com.applitools.eyes.exceptions.DiffsFoundException: Test 'Hackathon - Test invalid data - blank username' of 'Demo App' detected differences! See details at: https://eyes.applitools.com/app/batches/00000251827672211094/00000251827672172755?accountId=NFH5dQJut06Ao5rZIFCmsQ~~
	at com.applitools.tests.VisualAITests.testEmptyUsername(VisualAITests.java:116)
</failure>
  </testcase>
  <testcase name="testInvalidPassword" classname="com.applitools.tests.VisualAITests" time="51.97">
    <failure message="Test &apos;Hackathon - Test invalid data - password&apos; of &apos;Demo App&apos; detected differences! See details at: https://eyes.applitools.com/app/batches/00000251827672211094/00000251827672152624?accountId=NFH5dQJut06Ao5rZIFCmsQ~~" type="com.applitools.eyes.exceptions.DiffsFoundException">com.applitools.eyes.exceptions.DiffsFoundException: Test 'Hackathon - Test invalid data - password' of 'Demo App' detected differences! See details at: https://eyes.applitools.com/app/batches/00000251827672211094/00000251827672152624?accountId=NFH5dQJut06Ao5rZIFCmsQ~~
	at com.applitools.tests.VisualAITests.testInvalidPassword(VisualAITests.java:102)
</failure>
  </testcase>
  <testcase name="testInvalidUserName" classname="com.applitools.tests.VisualAITests" time="1.76">
    <failure message="no such element: Unable to locate element: {&quot;method&quot;:&quot;css selector&quot;,&quot;selector&quot;:&quot;#username&quot;}&#10;  (Session info: chrome=78.0.3904.108)&#10;For documentation on this error, please visit: https://www.seleniumhq.org/exceptions/no_such_element.html&#10;Build info: version: &apos;3.141.59&apos;, revision: &apos;e82be7d358&apos;, time: &apos;2018-11-14T08:17:03&apos;&#10;System info: host: &apos;jyotis-MBP&apos;, ip: &apos;2a02:c7d:da53:7900:d9f9:add9:5e5d:df72%en0&apos;, os.name: &apos;Mac OS X&apos;, os.arch: &apos;x86_64&apos;, os.version: &apos;10.14.6&apos;, java.version: &apos;12.0.2&apos;&#10;Driver info: org.openqa.selenium.chrome.ChromeDriver&#10;Capabilities {acceptInsecureCerts: false, browserName: chrome, browserVersion: 78.0.3904.108, chrome: {chromedriverVersion: 77.0.3865.40 (f484704e052e0..., userDataDir: /var/folders/30/fc_n2ryn3dj...}, goog:chromeOptions: {debuggerAddress: localhost:61767}, javascriptEnabled: true, networkConnectionEnabled: false, pageLoadStrategy: normal, platform: MAC, platformName: MAC, proxy: Proxy(), setWindowRect: true, strictFileInteractability: false, timeouts: {implicit: 0, pageLoad: 300000, script: 30000}, unhandledPromptBehavior: dismiss and notify}&#10;Session ID: b086746c9b1293f068b3571205e7d948&#10;*** Element info: {Using=id, value=username}" type="org.openqa.selenium.NoSuchElementException">org.openqa.selenium.NoSuchElementException: 
no such element: Unable to locate element: {"method":"css selector","selector":"#username"}
  (Session info: chrome=78.0.3904.108)
For documentation on this error, please visit: https://www.seleniumhq.org/exceptions/no_such_element.html
Build info: version: '3.141.59', revision: 'e82be7d358', time: '2018-11-14T08:17:03'
System info: host: 'jyotis-MBP', ip: '2a02:c7d:da53:7900:d9f9:add9:5e5d:df72%en0', os.name: 'Mac OS X', os.arch: 'x86_64', os.version: '10.14.6', java.version: '12.0.2'
Driver info: org.openqa.selenium.chrome.ChromeDriver
Capabilities {acceptInsecureCerts: false, browserName: chrome, browserVersion: 78.0.3904.108, chrome: {chromedriverVersion: 77.0.3865.40 (f484704e052e0..., userDataDir: /var/folders/30/fc_n2ryn3dj...}, goog:chromeOptions: {debuggerAddress: localhost:61767}, javascriptEnabled: true, networkConnectionEnabled: false, pageLoadStrategy: normal, platform: MAC, platformName: MAC, proxy: Proxy(), setWindowRect: true, strictFileInteractability: false, timeouts: {implicit: 0, pageLoad: 300000, script: 30000}, unhandledPromptBehavior: dismiss and notify}
Session ID: b086746c9b1293f068b3571205e7d948
*** Element info: {Using=id, value=username}
	at com.applitools.tests.VisualAITests.testInvalidUserName(VisualAITests.java:85)
</failure>
  </testcase>
  <testcase name="loginAndSortTableByAmount" classname="com.applitools.tests.VisualAITests" time="33.573"/>
  <testcase name="testExpenseChart" classname="com.applitools.tests.VisualAITests" time="29.458"/>
  <testcase name="testDynamicContent" classname="com.applitools.tests.VisualAITests" time="29.224"/>
  <testcase name="afterAllTests" classname="com.applitools.tests.VisualAITests" time="29.461">
    <failure message="Client instance has been closed." type="java.lang.IllegalStateException">java.lang.IllegalStateException: Client instance has been closed.
	at com.applitools.tests.VisualAITests.afterAllTests(VisualAITests.java:178)
</failure>
  </testcase>
</testsuite>